[2023-06-25 01:13:18.435 +03:00  INF]  Entity Framework Core 6.0.16 initialized 'TransfloDBContext' using provider 'Microsoft.EntityFrameworkCore.SqlServer:6.0.16' with options: None
[2023-06-25 01:13:20.601 +03:00  INF]  Executed DbCommand (123ms) [Parameters=[], CommandType='"Text"', CommandTimeout='30']
SELECT CASE
    WHEN EXISTS (
        SELECT 1
        FROM [Drivers] AS [d]) THEN CAST(1 AS bit)
    ELSE CAST(0 AS bit)
END
[2023-06-25 01:13:21.486 +03:00  INF]  Now listening on: https://localhost:7183
[2023-06-25 01:13:21.486 +03:00  INF]  Now listening on: http://localhost:5292
[2023-06-25 01:13:21.494 +03:00  INF]  Application started. Press Ctrl+C to shut down.
[2023-06-25 01:13:21.495 +03:00  INF]  Hosting environment: Development
[2023-06-25 01:13:21.495 +03:00  INF]  Content root path: F:\C3S Projects\test\Transflo.Assessment\src\Transflo.Assessment.Api\
[2023-06-25 01:13:24.220 +03:00  INF]  Request starting HTTP/2 GET https://localhost:7183/swagger/index.html - -
[2023-06-25 01:13:26.762 +03:00  INF]  Request finished HTTP/2 GET https://localhost:7183/swagger/index.html - - - 200 - text/html;charset=utf-8 2555.5690ms
[2023-06-25 01:13:28.214 +03:00  INF]  Request starting HTTP/2 GET https://localhost:7183/_framework/aspnetcore-browser-refresh.js - -
[2023-06-25 01:13:28.229 +03:00  INF]  Request finished HTTP/2 GET https://localhost:7183/_framework/aspnetcore-browser-refresh.js - - - 200 12004 application/javascript;+charset=utf-8 14.1086ms
[2023-06-25 01:13:28.849 +03:00  INF]  Request starting HTTP/2 GET https://localhost:7183/swagger/v1/swagger.json - -
[2023-06-25 01:13:29.380 +03:00  INF]  Request finished HTTP/2 GET https://localhost:7183/swagger/v1/swagger.json - - - 200 - application/json;charset=utf-8 531.0050ms
[2023-06-25 01:18:18.146 +03:00  INF]  Request starting HTTP/2 GET https://localhost:7183/api/Driver/2 - -
[2023-06-25 01:18:25.269 +03:00  INF]  Executing endpoint 'Transflo.Assessment.Api.Controllers.DriverController.GetDriver (Transflo.Assessment.Api)'
[2023-06-25 01:18:25.325 +03:00  INF]  Route matched with {action = "GetDriver", controller = "Driver"}. Executing controller action with signature System.Threading.Tasks.Task`1[Microsoft.AspNetCore.Mvc.IActionResult] GetDriver(Transflo.Assessment.Core.Features.Drivers.GetDriverById.GetDriverByIdQuery) on controller Transflo.Assessment.Api.Controllers.DriverController (Transflo.Assessment.Api).
[2023-06-25 01:18:25.563 +03:00  INF]  Executing action method Transflo.Assessment.Api.Controllers.DriverController.GetDriver (Transflo.Assessment.Api) - Validation state: "Valid"
[2023-06-25 01:18:25.588 +03:00  INF]  Entity Framework Core 6.0.16 initialized 'TransfloDBContext' using provider 'Microsoft.EntityFrameworkCore.SqlServer:6.0.16' with options: None
[2023-06-25 01:18:25.904 +03:00  INF]  Executed DbCommand (70ms) [Parameters=[@__request_Id_0='?' (DbType = Int32)], CommandType='"Text"', CommandTimeout='30']
SELECT TOP(1) [d].[Id], [d].[EmailAddress], [d].[FirstName], [d].[LastName], [d].[PhoneNumber]
FROM [Drivers] AS [d]
WHERE [d].[Id] = @__request_Id_0
[2023-06-25 01:18:25.943 +03:00  INF]  Executed action method Transflo.Assessment.Api.Controllers.DriverController.GetDriver (Transflo.Assessment.Api), returned result Microsoft.AspNetCore.Mvc.OkObjectResult in 368.9881ms.
[2023-06-25 01:18:25.968 +03:00  INF]  Executing OkObjectResult, writing value of type 'Transflo.Assessment.Api.Responses.SuccesApiResponse`1[[Transflo.Assessment.Core.Features.Drivers.GetDriverById.GetDriverByIdQueryResponse, Transflo.Assessment.Core, Version=1.0.0.0, Culture=neutral, PublicKeyToken=null]]'.
[2023-06-25 01:18:26.002 +03:00  INF]  Executed action Transflo.Assessment.Api.Controllers.DriverController.GetDriver (Transflo.Assessment.Api) in 668.1414ms
[2023-06-25 01:18:26.003 +03:00  INF]  Executed endpoint 'Transflo.Assessment.Api.Controllers.DriverController.GetDriver (Transflo.Assessment.Api)'
[2023-06-25 01:18:26.020 +03:00  INF]  Request finished HTTP/2 GET https://localhost:7183/api/Driver/2 - - - 200 - application/json;+charset=utf-8 7874.1556ms
[2023-06-25 01:35:05.068 +03:00  INF]  Entity Framework Core 6.0.16 initialized 'TransfloDBContext' using provider 'Microsoft.EntityFrameworkCore.SqlServer:6.0.16' with options: None
[2023-06-25 01:35:08.077 +03:00  INF]  Executed DbCommand (131ms) [Parameters=[], CommandType='"Text"', CommandTimeout='30']
SELECT CASE
    WHEN EXISTS (
        SELECT 1
        FROM [Drivers] AS [d]) THEN CAST(1 AS bit)
    ELSE CAST(0 AS bit)
END
[2023-06-25 01:35:09.136 +03:00  INF]  Now listening on: https://localhost:7183
[2023-06-25 01:35:09.137 +03:00  INF]  Now listening on: http://localhost:5292
[2023-06-25 01:35:09.152 +03:00  INF]  Application started. Press Ctrl+C to shut down.
[2023-06-25 01:35:09.154 +03:00  INF]  Hosting environment: Development
[2023-06-25 01:35:09.155 +03:00  INF]  Content root path: F:\C3S Projects\test\test\src\Transflo.Assessment.Api\
[2023-06-25 01:35:11.479 +03:00  INF]  Request starting HTTP/2 GET https://localhost:7183/swagger/index.html - -
[2023-06-25 01:35:13.193 +03:00  INF]  Request finished HTTP/2 GET https://localhost:7183/swagger/index.html - - - 200 - text/html;charset=utf-8 1734.7734ms
[2023-06-25 01:35:14.282 +03:00  INF]  Request starting HTTP/2 GET https://localhost:7183/_framework/aspnetcore-browser-refresh.js - -
[2023-06-25 01:35:14.305 +03:00  INF]  Request finished HTTP/2 GET https://localhost:7183/_framework/aspnetcore-browser-refresh.js - - - 200 12004 application/javascript;+charset=utf-8 23.1210ms
[2023-06-25 01:35:14.771 +03:00  INF]  Request starting HTTP/2 GET https://localhost:7183/swagger/v1/swagger.json - -
[2023-06-25 01:35:15.277 +03:00  INF]  Request finished HTTP/2 GET https://localhost:7183/swagger/v1/swagger.json - - - 200 - application/json;charset=utf-8 505.7628ms
